Error generating PDF: 'latin-1' codec can't encode character '\u2022' in position 3656: ordinal not in range(256)

Error details: Traceback (most recent call last): File "/home/runner/workspace/app.py", line 1456, in create_pdf return pdf.output(dest='S').encode('latin1') ^^^^^^^^^^^^^^^^^^^^ File "/home/runner/workspace/.pythonlibs/lib/python3.11/site-packages/fpdf/fpdf.py", line 1065, in output self.close() File "/home/runner/workspace/.pythonlibs/lib/python3.11/site-packages/fpdf/fpdf.py", line 246, in close self._enddoc() File "/home/runner/workspace/.pythonlibs/lib/python3.11/site-packages/fpdf/fpdf.py", line 1636, in _enddoc self._putpages() File "/home/runner/workspace/.pythonlibs/lib/python3.11/site-packages/fpdf/fpdf.py", line 1170, in _putpages p = self.pages[n].encode("latin1") if PY3K else self.pages[n] ^^^^^^^^^^^^^^^^^^^^^^^^^^^^^^ UnicodeEncodeError: 'latin-1' codec can't encode character '\u2022' in position 3656: ordinal not in range(256)

During handling of the above exception, another exception occurred:

Traceback (most recent call last): File "/home/runner/workspace/app.py", line 1479, in <module> pdf_data = create_pdf(filtered_df, company_name, rgb_color, logo_size, include_timestamp) ^^^^^^^^^^^^^^^^^^^^^^^^^^^^^^^^^^^^^^^^^^^^^^^^^^^^^^^^^^^^^^^^^^^^^^^^^^^^^^ File "/home/runner/workspace/app.py", line 1459, in create_pdf byte_string = pdf.output(dest='S') ^^^^^^^^^^^^^^^^^^^^ File "/home/runner/workspace/.pythonlibs/lib/python3.11/site-packages/fpdf/fpdf.py", line 1065, in output self.close() File "/home/runner/workspace/.pythonlibs/lib/python3.11/site-packages/fpdf/fpdf.py", line 246, in close self._enddoc() File "/home/runner/workspace/.pythonlibs/lib/python3.11/site-packages/fpdf/fpdf.py", line 1636, in _enddoc self._putpages() File "/home/runner/workspace/.pythonlibs/lib/python3.11/site-packages/fpdf/fpdf.py", line 1170, in _putpages p = self.pages[n].encode("latin1") if PY3K else self.pages[n] ^^^^^^^^^^^^^^^^^^^^^^^^^^^^^^ UnicodeEncodeError: 'latin-1' codec can't encode character '\u2022' in position 3656: ordinal not in range(256)